<?xml version="1.0" encoding="UTF-8"?>
<testng-results ignored="0" total="1" passed="1" failed="0" skipped="0">
  <reporter-output>
  </reporter-output>
  <suite started-at="2021-01-25T18:58:41 EST" name="Default suite" finished-at="2021-01-25T18:58:48 EST" duration-ms="6992">
    <groups>
    </groups>
    <test started-at="2021-01-25T18:58:41 EST" name="Default test" finished-at="2021-01-25T18:58:48 EST" duration-ms="6992">
      <class name="testNGpractice.TestNGpractice1">
        <test-method signature="gmailTest()[pri:0, instance:testNGpractice.TestNGpractice1@394a2528]" started-at="2021-01-25T18:58:41 EST" name="gmailTest" finished-at="2021-01-25T18:58:48 EST" duration-ms="6962" status="PASS">
          <reporter-output>
          </reporter-output>
        </test-method> <!-- gmailTest -->
      </class> <!-- testNGpractice.TestNGpractice1 -->
    </test> <!-- Default test -->
  </suite> <!-- Default suite -->
</testng-results>
