<?xml version="1.0" encoding="UTF-8"?>
<testng-results ignored="0" total="1" passed="1" failed="0" skipped="0">
  <reporter-output>
  </reporter-output>
  <suite started-at="2021-01-26T02:12:46Z" name="Default suite" finished-at="2021-01-26T02:12:51Z" duration-ms="4731">
    <groups>
    </groups>
    <test started-at="2021-01-26T02:12:46Z" name="Default test" finished-at="2021-01-26T02:12:51Z" duration-ms="4731">
      <class name="testNGpractice.GmailTestTest">
        <test-method signature="gmailTest()[pri:0, instance:testNGpractice.GmailTestTest@6692b6c6]" started-at="2021-01-25T21:12:46Z" name="gmailTest" finished-at="2021-01-25T21:12:51Z" duration-ms="4710" status="PASS">
          <reporter-output>
          </reporter-output>
        </test-method> <!-- gmailTest -->
      </class> <!-- testNGpractice.GmailTestTest -->
    </test> <!-- Default test -->
  </suite> <!-- Default suite -->
</testng-results>
