<?xml version="1.0" encoding="UTF-8"?>
<testng-results total="1" passed="1" failed="0" skipped="0">
  <reporter-output>
  </reporter-output>
  <suite started-at="2021-01-16T21:56:07Z" name="Default suite" finished-at="2021-01-16T21:56:20Z" duration-ms="13938">
    <groups>
    </groups>
    <test started-at="2021-01-16T21:56:07Z" name="Default test" finished-at="2021-01-16T21:56:20Z" duration-ms="13938">
      <class name="Test1">
        <test-method signature="chromeTest()[pri:0, instance:Test1@4149c063]" started-at="2021-01-16T16:56:07Z" name="chromeTest" finished-at="2021-01-16T16:56:20Z" duration-ms="13926" status="PASS">
          <reporter-output>
          </reporter-output>
        </test-method> <!-- chromeTest -->
      </class> <!-- Test1 -->
    </test> <!-- Default test -->
  </suite> <!-- Default suite -->
</testng-results>
